  Window.cpp
C:\Users\ncrla\Desktop\Tareas y trabajos\Computación Gráfica e Interacción Humano Computadora\Laboratorio\Prácticas\Practica_1\LabCGeIHC\Practica5\Window.h(12,36): warning C4244: 'return': conversión de 'GLint' a 'GLfloat'; posible pérdida de datos
  (compilando archivo de origen "Window.cpp")
  
C:\Users\ncrla\Desktop\Tareas y trabajos\Computación Gráfica e Interacción Humano Computadora\Laboratorio\Prácticas\Practica_1\LabCGeIHC\Practica5\Window.h(13,37): warning C4244: 'return': conversión de 'GLint' a 'GLfloat'; posible pérdida de datos
  (compilando archivo de origen "Window.cpp")
  
C:\Users\ncrla\Desktop\Tareas y trabajos\Computación Gráfica e Interacción Humano Computadora\Laboratorio\Prácticas\Practica_1\LabCGeIHC\Practica5\Window.cpp(157,26): warning C4305: '+=': truncamiento de 'double' a 'GLfloat'
C:\Users\ncrla\Desktop\Tareas y trabajos\Computación Gráfica e Interacción Humano Computadora\Laboratorio\Prácticas\Practica_1\LabCGeIHC\Practica5\Window.cpp(187,22): warning C4244: '=': conversión de 'double' a 'GLfloat'; posible pérdida de datos
C:\Users\ncrla\Desktop\Tareas y trabajos\Computación Gráfica e Interacción Humano Computadora\Laboratorio\Prácticas\Practica_1\LabCGeIHC\Practica5\Window.cpp(188,22): warning C4244: '=': conversión de 'double' a 'GLfloat'; posible pérdida de datos
C:\Users\ncrla\Desktop\Tareas y trabajos\Computación Gráfica e Interacción Humano Computadora\Laboratorio\Prácticas\Practica_1\LabCGeIHC\Practica5\Window.cpp(192,28): warning C4244: '=': conversión de 'double' a 'GLfloat'; posible pérdida de datos
C:\Users\ncrla\Desktop\Tareas y trabajos\Computación Gráfica e Interacción Humano Computadora\Laboratorio\Prácticas\Practica_1\LabCGeIHC\Practica5\Window.cpp(193,40): warning C4244: '=': conversión de 'double' a 'GLfloat'; posible pérdida de datos
C:\Users\ncrla\Desktop\Tareas y trabajos\Computación Gráfica e Interacción Humano Computadora\Laboratorio\Prácticas\Practica_1\LabCGeIHC\Practica5\Window.cpp(195,21): warning C4244: '=': conversión de 'double' a 'GLfloat'; posible pérdida de datos
C:\Users\ncrla\Desktop\Tareas y trabajos\Computación Gráfica e Interacción Humano Computadora\Laboratorio\Prácticas\Practica_1\LabCGeIHC\Practica5\Window.cpp(196,21): warning C4244: '=': conversión de 'double' a 'GLfloat'; posible pérdida de datos
  practica5.cpp
C:\Users\ncrla\Desktop\Tareas y trabajos\Computación Gráfica e Interacción Humano Computadora\Laboratorio\Prácticas\Practica_1\LabCGeIHC\Practica5\Window.h(12,36): warning C4244: 'return': conversión de 'GLint' a 'GLfloat'; posible pérdida de datos
  (compilando archivo de origen "practica5.cpp")
  
C:\Users\ncrla\Desktop\Tareas y trabajos\Computación Gráfica e Interacción Humano Computadora\Laboratorio\Prácticas\Practica_1\LabCGeIHC\Practica5\Window.h(13,37): warning C4244: 'return': conversión de 'GLint' a 'GLfloat'; posible pérdida de datos
  (compilando archivo de origen "practica5.cpp")
  
C:\Users\ncrla\Desktop\Tareas y trabajos\Computación Gráfica e Interacción Humano Computadora\Laboratorio\Prácticas\Practica_1\LabCGeIHC\Practica5\practica5.cpp(172,15): warning C4244: 'inicializando': conversión de 'double' a 'GLfloat'; posible pérdida de datos
C:\Users\ncrla\Desktop\Tareas y trabajos\Computación Gráfica e Interacción Humano Computadora\Laboratorio\Prácticas\Practica_1\LabCGeIHC\Practica5\practica5.cpp(174,33): warning C4244: '+=': conversión de 'double' a 'GLfloat'; posible pérdida de datos
  Generando código...
C:\Users\ncrla\Desktop\Tareas y trabajos\Computación Gráfica e Interacción Humano Computadora\Laboratorio\Prácticas\Practica_1\LabCGeIHC\Practica5\Window.cpp(81,1): warning C4715: 'Window::Initialise': no todas las rutas de acceso de control devuelven un valor
LINK : warning LNK4098: la biblioteca predeterminada'MSVCRT' entra en conflicto con otras bibliotecas; use la biblioteca /NODEFAULTLIB:biblioteca
  Practica5.vcxproj -> C:\Users\ncrla\Desktop\Tareas y trabajos\Computación Gráfica e Interacción Humano Computadora\Laboratorio\Prácticas\Practica_1\LabCGeIHC\Debug\Practica5.exe
