  practica3.cpp
C:\Users\ncrla\Desktop\Tareas y trabajos\Computación Gráfica e Interacción Humano Computadora\Laboratorio\Prácticas\Practica_1\LabCGeIHC\Practica3\Window.h(12,36): warning C4244: 'return': conversión de 'GLint' a 'GLfloat'; posible pérdida de datos
  (compilando archivo de origen "practica3.cpp")
  
C:\Users\ncrla\Desktop\Tareas y trabajos\Computación Gráfica e Interacción Humano Computadora\Laboratorio\Prácticas\Practica_1\LabCGeIHC\Practica3\Window.h(13,37): warning C4244: 'return': conversión de 'GLint' a 'GLfloat'; posible pérdida de datos
  (compilando archivo de origen "practica3.cpp")
  
C:\Users\ncrla\Desktop\Tareas y trabajos\Computación Gráfica e Interacción Humano Computadora\Laboratorio\Prácticas\Practica_1\LabCGeIHC\Practica3\practica3.cpp(27,36): warning C4305: 'inicializando': truncamiento de 'double' a 'float'
C:\Users\ncrla\Desktop\Tareas y trabajos\Computación Gráfica e Interacción Humano Computadora\Laboratorio\Prácticas\Practica_1\LabCGeIHC\Practica3\practica3.cpp(194,16): warning C4018: '<': no coinciden signed/unsigned
C:\Users\ncrla\Desktop\Tareas y trabajos\Computación Gráfica e Interacción Humano Computadora\Laboratorio\Prácticas\Practica_1\LabCGeIHC\Practica3\practica3.cpp(236,32): warning C4244: 'argumento': conversión de 'double' a '_Ty'; posible pérdida de datos
C:\Users\ncrla\Desktop\Tareas y trabajos\Computación Gráfica e Interacción Humano Computadora\Laboratorio\Prácticas\Practica_1\LabCGeIHC\Practica3\practica3.cpp(236,32): warning C4244:         with
C:\Users\ncrla\Desktop\Tareas y trabajos\Computación Gráfica e Interacción Humano Computadora\Laboratorio\Prácticas\Practica_1\LabCGeIHC\Practica3\practica3.cpp(236,32): warning C4244:         [
C:\Users\ncrla\Desktop\Tareas y trabajos\Computación Gráfica e Interacción Humano Computadora\Laboratorio\Prácticas\Practica_1\LabCGeIHC\Practica3\practica3.cpp(236,32): warning C4244:             _Ty=GLfloat
C:\Users\ncrla\Desktop\Tareas y trabajos\Computación Gráfica e Interacción Humano Computadora\Laboratorio\Prácticas\Practica_1\LabCGeIHC\Practica3\practica3.cpp(236,32): warning C4244:         ]
C:\Users\ncrla\Desktop\Tareas y trabajos\Computación Gráfica e Interacción Humano Computadora\Laboratorio\Prácticas\Practica_1\LabCGeIHC\Practica3\practica3.cpp(238,32): warning C4244: 'argumento': conversión de 'double' a '_Ty'; posible pérdida de datos
C:\Users\ncrla\Desktop\Tareas y trabajos\Computación Gráfica e Interacción Humano Computadora\Laboratorio\Prácticas\Practica_1\LabCGeIHC\Practica3\practica3.cpp(238,32): warning C4244:         with
C:\Users\ncrla\Desktop\Tareas y trabajos\Computación Gráfica e Interacción Humano Computadora\Laboratorio\Prácticas\Practica_1\LabCGeIHC\Practica3\practica3.cpp(238,32): warning C4244:         [
C:\Users\ncrla\Desktop\Tareas y trabajos\Computación Gráfica e Interacción Humano Computadora\Laboratorio\Prácticas\Practica_1\LabCGeIHC\Practica3\practica3.cpp(238,32): warning C4244:             _Ty=GLfloat
C:\Users\ncrla\Desktop\Tareas y trabajos\Computación Gráfica e Interacción Humano Computadora\Laboratorio\Prácticas\Practica_1\LabCGeIHC\Practica3\practica3.cpp(238,32): warning C4244:         ]
C:\Users\ncrla\Desktop\Tareas y trabajos\Computación Gráfica e Interacción Humano Computadora\Laboratorio\Prácticas\Practica_1\LabCGeIHC\Practica3\practica3.cpp(332,15): warning C4244: 'inicializando': conversión de 'double' a 'GLfloat'; posible pérdida de datos
C:\Users\ncrla\Desktop\Tareas y trabajos\Computación Gráfica e Interacción Humano Computadora\Laboratorio\Prácticas\Practica_1\LabCGeIHC\Practica3\practica3.cpp(334,33): warning C4244: '+=': conversión de 'double' a 'GLfloat'; posible pérdida de datos
  Practica3.vcxproj -> C:\Users\ncrla\Desktop\Tareas y trabajos\Computación Gráfica e Interacción Humano Computadora\Laboratorio\Prácticas\Practica_1\LabCGeIHC\Debug\Practica3.exe
